<?xml version="1.0" encoding="UTF-8"?>
<!-- Generated by org.testng.reporters.JUnitXMLReporter -->
<testsuite ignored="9" hostname="ujjwalanand" failures="0" tests="1" name="Default test" time="0.073" errors="0" timestamp="2023-10-26T10:24:11 IST">
  <testcase classname="pattern.Star" name="duplicate" time="0.013"/>
  <testcase classname="pattern.Star" name="patter2" time="0.0">
    <ignored/>
  </testcase> <!-- patter2 -->
  <testcase classname="pattern.Star" name="tekon" time="0.0">
    <ignored/>
  </testcase> <!-- tekon -->
  <testcase classname="pattern.Star" name="numPattern" time="0.0">
    <ignored/>
  </testcase> <!-- numPattern -->
  <testcase classname="pattern.Star" name="numPattern2" time="0.0">
    <ignored/>
  </testcase> <!-- numPattern2 -->
  <testcase classname="pattern.Star" name="pattern4" time="0.0">
    <ignored/>
  </testcase> <!-- pattern4 -->
  <testcase classname="pattern.Star" name="pater" time="0.0">
    <ignored/>
  </testcase> <!-- pater -->
  <testcase classname="pattern.Star" name="pattern3" time="0.0">
    <ignored/>
  </testcase> <!-- pattern3 -->
  <testcase classname="pattern.Star" name="recPattern" time="0.0">
    <ignored/>
  </testcase> <!-- recPattern -->
  <testcase classname="pattern.Star" name="numberPattern" time="0.0">
    <ignored/>
  </testcase> <!-- numberPattern -->
</testsuite> <!-- Default test -->
