<?xml version="1.0" encoding="UTF-8"?>
<testng-results ignored="9" total="10" passed="1" failed="0" skipped="0">
  <reporter-output>
  </reporter-output>
  <suite started-at="2023-10-26T10:24:11 IST" name="Default suite" finished-at="2023-10-26T10:24:11 IST" duration-ms="73">
    <groups>
    </groups>
    <test started-at="2023-10-26T10:24:11 IST" name="Default test" finished-at="2023-10-26T10:24:11 IST" duration-ms="73">
      <class name="pattern.Star">
        <test-method signature="duplicate()[pri:0, instance:pattern.Star@47af7f3d]" started-at="2023-10-26T10:24:11 IST" name="duplicate" finished-at="2023-10-26T10:24:11 IST" duration-ms="13" status="PASS">
          <reporter-output>
          </reporter-output>
        </test-method> <!-- duplicate -->
      </class> <!-- pattern.Star -->
    </test> <!-- Default test -->
  </suite> <!-- Default suite -->
</testng-results>
